  [1m[36m (17.8ms)[0m  [1mCREATE TABLE "schema_migrations" ("version" varchar(255) NOT NULL) [0m
  [1m[35m (7.2ms)[0m  CREATE UNIQUE INDEX "unique_schema_migrations" ON "schema_migrations" ("version")
  [1m[36mActiveRecord::SchemaMigration Load (0.2ms)[0m  [1mSELECT "schema_migrations".* FROM "schema_migrations"[0m
Migrating to CreateMovies (20121121163535)
  [1m[35m (0.1ms)[0m  begin transaction
  [1m[36m (0.7ms)[0m  [1mCREATE TABLE "movies" ("id" INTEGER PRIMARY KEY AUTOINCREMENT NOT NULL, "title" varchar(255), "rating" varchar(255), "total_gross" decimal, "created_at" datetime, "updated_at" datetime) [0m
  [1m[35mSQL (0.3ms)[0m  INSERT INTO "schema_migrations" ("version") VALUES (?)  [["version", "20121121163535"]]
  [1m[36m (1.9ms)[0m  [1mcommit transaction[0m
Migrating to AddFieldsToMovies (20121121180707)
  [1m[35m (0.1ms)[0m  begin transaction
  [1m[36m (0.5ms)[0m  [1mALTER TABLE "movies" ADD "description" text[0m
  [1m[35m (0.2ms)[0m  ALTER TABLE "movies" ADD "released_on" date
  [1m[36mSQL (0.4ms)[0m  [1mINSERT INTO "schema_migrations" ("version") VALUES (?)[0m  [["version", "20121121180707"]]
  [1m[35m (1.1ms)[0m  commit transaction
Migrating to AddMoreFieldsToMovies (20121210234158)
  [1m[36m (0.1ms)[0m  [1mbegin transaction[0m
  [1m[35m (0.8ms)[0m  ALTER TABLE "movies" ADD "cast" varchar(255)
  [1m[36m (0.3ms)[0m  [1mALTER TABLE "movies" ADD "director" varchar(255)[0m
  [1m[35m (0.2ms)[0m  ALTER TABLE "movies" ADD "duration" varchar(255)
  [1m[36m (0.2ms)[0m  [1mALTER TABLE "movies" ADD "image_file_name" varchar(255)[0m
  [1m[35mSQL (0.8ms)[0m  INSERT INTO "schema_migrations" ("version") VALUES (?)  [["version", "20121210234158"]]
  [1m[36m (1.1ms)[0m  [1mcommit transaction[0m
  [1m[35mActiveRecord::SchemaMigration Load (0.2ms)[0m  SELECT "schema_migrations".* FROM "schema_migrations"
  [1m[36mActiveRecord::SchemaMigration Load (0.2ms)[0m  [1mSELECT "schema_migrations".* FROM "schema_migrations"[0m
  [1m[35m (0.2ms)[0m  begin transaction
  [1m[36mSQL (112.5ms)[0m  [1mINSERT INTO "movies" ("cast", "created_at", "description", "director", "duration", "image_file_name", "rating", "released_on", "title", "total_gross", "updated_at") VALUES (?, ?, ?, ?, ?, ?, ?, ?, ?, ?, ?)[0m  [["cast", "Robert Downey Jr., Gwyneth Paltrow and Terrence Howard"], ["created_at", Wed, 22 Jan 2014 04:55:01 UTC +00:00], ["description", "When wealthy industrialist Tony Stark is forced to build an armored suit after a life-threatening incident, he ultimately decides to use its technology to fight against evil."], ["director", "Jon Favreau"], ["duration", "126 min"], ["image_file_name", "ironman.jpg"], ["rating", "PG-13"], ["released_on", Fri, 02 May 2008], ["title", "Iron Man"], ["total_gross", #<BigDecimal:1033ba4a8,'0.318412101E9',9(36)>], ["updated_at", Wed, 22 Jan 2014 04:55:01 UTC +00:00]]
  [1m[35m (2.1ms)[0m  commit transaction
  [1m[36m (0.1ms)[0m  [1mbegin transaction[0m
  [1m[35mSQL (0.5ms)[0m  INSERT INTO "movies" ("cast", "created_at", "description", "director", "duration", "image_file_name", "rating", "released_on", "title", "total_gross", "updated_at") VALUES (?, ?, ?, ?, ?, ?, ?, ?, ?, ?, ?)  [["cast", "Christopher Reeve, Margot Kidder and Gene Hackman"], ["created_at", Wed, 22 Jan 2014 04:55:01 UTC +00:00], ["description", "An alien orphan is sent from his dying planet to Earth, where he grows up to become his adoptive home's first and greatest super-hero."], ["director", "Richard Donner"], ["duration", "143 min"], ["image_file_name", "superman.jpg"], ["rating", "PG"], ["released_on", Fri, 15 Dec 1978], ["title", "Superman"], ["total_gross", #<BigDecimal:10341b938,'0.134218018E9',9(36)>], ["updated_at", Wed, 22 Jan 2014 04:55:01 UTC +00:00]]
  [1m[36m (1.7ms)[0m  [1mcommit transaction[0m
  [1m[35m (0.1ms)[0m  begin transaction
  [1m[36mSQL (0.4ms)[0m  [1mINSERT INTO "movies" ("cast", "created_at", "description", "director", "duration", "image_file_name", "rating", "released_on", "title", "total_gross", "updated_at") VALUES (?, ?, ?, ?, ?, ?, ?, ?, ?, ?, ?)[0m  [["cast", "Tobey Maguire, Kirsten Dunst and Willem Dafoe"], ["created_at", Wed, 22 Jan 2014 04:55:01 UTC +00:00], ["description", "When bitten by a genetically modified spider, a nerdy, shy, and awkward high school student gains spider-like abilities that he eventually must use to fight evil as a superhero after tragedy befalls his family."], ["director", "Sam Raimi"], ["duration", "121 min"], ["image_file_name", "spiderman.jpg"], ["rating", "PG-13"], ["released_on", Fri, 03 May 2002], ["title", "Spider-Man"], ["total_gross", #<BigDecimal:103428ef8,'0.403706375E9',9(36)>], ["updated_at", Wed, 22 Jan 2014 04:55:01 UTC +00:00]]
  [1m[35m (2.8ms)[0m  commit transaction
  [1m[36m (0.1ms)[0m  [1mbegin transaction[0m
  [1m[35mSQL (0.5ms)[0m  INSERT INTO "movies" ("cast", "created_at", "description", "director", "duration", "image_file_name", "rating", "released_on", "title", "total_gross", "updated_at") VALUES (?, ?, ?, ?, ?, ?, ?, ?, ?, ?, ?)  [["cast", "Michael Keaton, Jack Nicholson and Kim Basinger"], ["created_at", Wed, 22 Jan 2014 04:55:01 UTC +00:00], ["description", "The Dark Knight of Gotham City begins his war on crime with his first major enemy being the clownishly homicidal Joker."], ["director", "Tim Burton"], ["duration", "126 min"], ["image_file_name", "batman.jpg"], ["rating", "PG-13"], ["released_on", Fri, 23 Jun 1989], ["title", "Batman"], ["total_gross", #<BigDecimal:103440940,'0.251188924E9',9(36)>], ["updated_at", Wed, 22 Jan 2014 04:55:01 UTC +00:00]]
  [1m[36m (1.8ms)[0m  [1mcommit transaction[0m
  [1m[35m (0.1ms)[0m  begin transaction
  [1m[36mSQL (0.5ms)[0m  [1mINSERT INTO "movies" ("cast", "created_at", "description", "director", "duration", "image_file_name", "rating", "released_on", "title", "total_gross", "updated_at") VALUES (?, ?, ?, ?, ?, ?, ?, ?, ?, ?, ?)[0m  [["cast", "Halle Berry, Sharon Stone and Benjamin Bratt"], ["created_at", Wed, 22 Jan 2014 04:55:01 UTC +00:00], ["description", "Patience Philips seems destined to spend her life apologizing for taking up space. Despite her artistic ability&mdash;she has a more than respectable career as a graphic designer."], ["director", "Jean-Christophe 'Pitof' Comar"], ["duration", "101 min"], ["image_file_name", "catwoman.jpg"], ["rating", "PG-13"], ["released_on", Fri, 23 Jul 2004], ["title", "Catwoman"], ["total_gross", #<BigDecimal:10345ba88,'0.402E8',9(45)>], ["updated_at", Wed, 22 Jan 2014 04:55:01 UTC +00:00]]
  [1m[35m (1.6ms)[0m  commit transaction
  [1m[36m (0.1ms)[0m  [1mbegin transaction[0m
  [1m[35mSQL (0.4ms)[0m  INSERT INTO "movies" ("cast", "created_at", "description", "director", "duration", "image_file_name", "rating", "released_on", "title", "total_gross", "updated_at") VALUES (?, ?, ?, ?, ?, ?, ?, ?, ?, ?, ?)  [["cast", "Bruce Wayne, Gojira"], ["created_at", Wed, 22 Jan 2014 04:55:01 UTC +00:00], ["description", "An epic battle between The Caped Crusader and the fire-breathing dinosaur Gojira. Hang on to your popcorn, kids!"], ["director", "Ishiro Honda"], ["duration", "211 min"], ["image_file_name", "batman-vs-godzilla.jpg"], ["rating", "PG-13"], ["released_on", Sat, 01 Feb 2014], ["title", "Batman vs. Godzilla"], ["total_gross", #<BigDecimal:1034693b8,'0.38762391E9',9(36)>], ["updated_at", Wed, 22 Jan 2014 04:55:01 UTC +00:00]]
  [1m[36m (1.6ms)[0m  [1mcommit transaction[0m
  [1m[36m (2.4ms)[0m  [1mCREATE TABLE "movies" ("id" INTEGER PRIMARY KEY AUTOINCREMENT NOT NULL, "title" varchar(255), "rating" varchar(255), "total_gross" decimal, "created_at" datetime, "updated_at" datetime, "description" text, "released_on" date, "cast" varchar(255), "director" varchar(255), "duration" varchar(255), "image_file_name" varchar(255)) [0m
  [1m[35m (1.8ms)[0m  CREATE TABLE "schema_migrations" ("version" varchar(255) NOT NULL) 
  [1m[36m (1.8ms)[0m  [1mCREATE UNIQUE INDEX "unique_schema_migrations" ON "schema_migrations" ("version")[0m
  [1m[35m (0.1ms)[0m  SELECT version FROM "schema_migrations"
  [1m[36m (1.7ms)[0m  [1mINSERT INTO "schema_migrations" (version) VALUES ('20121210234158')[0m
  [1m[35m (1.5ms)[0m  INSERT INTO "schema_migrations" (version) VALUES ('20121121163535')
  [1m[36m (1.6ms)[0m  [1mINSERT INTO "schema_migrations" (version) VALUES ('20121121180707')[0m


Started GET "/" for 127.0.0.1 at 2014-01-21 22:55:37 -0600
  [1m[36mActiveRecord::SchemaMigration Load (0.2ms)[0m  [1mSELECT "schema_migrations".* FROM "schema_migrations"[0m
Processing by MoviesController#index as HTML
  [1m[35mMovie Load (0.4ms)[0m  SELECT "movies".* FROM "movies" WHERE (released_on <= '2014-01-22 04:55:37.993114') ORDER BY released_on desc
  Rendered movies/index.html.erb within layouts/application (80.0ms)
  Rendered layouts/_header.html.erb (1.3ms)
  Rendered layouts/_sidebar.html.erb (1.6ms)
  Rendered layouts/_footer.html.erb (0.9ms)
Completed 200 OK in 1917ms (Views: 1879.9ms | ActiveRecord: 0.8ms)


Started GET "/assets/normalize.css?body=1" for 127.0.0.1 at 2014-01-21 22:55:40 -0600


Started GET "/assets/forms.css?body=1" for 127.0.0.1 at 2014-01-21 22:55:40 -0600


Started GET "/assets/buttons.css?body=1" for 127.0.0.1 at 2014-01-21 22:55:40 -0600


Started GET "/assets/elements.css?body=1" for 127.0.0.1 at 2014-01-21 22:55:40 -0600


Started GET "/assets/application.css?body=1" for 127.0.0.1 at 2014-01-21 22:55:40 -0600


Started GET "/assets/jquery_ujs.js?body=1" for 127.0.0.1 at 2014-01-21 22:55:40 -0600


Started GET "/assets/layout.css?body=1" for 127.0.0.1 at 2014-01-21 22:55:40 -0600


Started GET "/assets/movies.css?body=1" for 127.0.0.1 at 2014-01-21 22:55:40 -0600


Started GET "/assets/jquery.js?body=1" for 127.0.0.1 at 2014-01-21 22:55:40 -0600


Started GET "/assets/turbolinks.js?body=1" for 127.0.0.1 at 2014-01-21 22:55:40 -0600


Started GET "/assets/application.js?body=1" for 127.0.0.1 at 2014-01-21 22:55:40 -0600


Started GET "/assets/movies.js?body=1" for 127.0.0.1 at 2014-01-21 22:55:40 -0600


Started GET "/assets/ironman.jpg" for 127.0.0.1 at 2014-01-21 22:55:40 -0600


Started GET "/assets/superman.jpg" for 127.0.0.1 at 2014-01-21 22:55:40 -0600


Started GET "/assets/catwoman.jpg" for 127.0.0.1 at 2014-01-21 22:55:40 -0600


Started GET "/assets/batman.jpg" for 127.0.0.1 at 2014-01-21 22:55:40 -0600


Started GET "/assets/spiderman.jpg" for 127.0.0.1 at 2014-01-21 22:55:40 -0600


Started GET "/assets/background.jpg" for 127.0.0.1 at 2014-01-21 22:55:40 -0600


Started GET "/assets/arrow.png" for 127.0.0.1 at 2014-01-21 22:55:40 -0600


Started GET "/assets/add.png" for 127.0.0.1 at 2014-01-21 22:55:40 -0600


Started GET "/assets/logo.png" for 127.0.0.1 at 2014-01-21 22:55:40 -0600
